<?xml version="1.0" encoding="UTF-8"?>
<!-- Generated by org.testng.reporters.JUnitXMLReporter -->
<testsuite ignored="0" hostname="LAPTOP-0O8VOCIM" failures="0" tests="3" name="Default test" time="18.377" errors="0" timestamp="2020-08-08T09:04:16 EDT">
  <testcase classname="SeleniumGrid.Grid.SeleniumGridGeko$SeleniumTrial" name="googleTitle" time="0.03"/>
  <testcase classname="SeleniumGrid.Grid.SeleniumGridGeko$SeleniumTrial" name="searchInput" time="0.118"/>
  <testcase classname="SeleniumGrid.Grid.SeleniumGridGeko$SeleniumTrial" name="searchOutput" time="0.099"/>
</testsuite> <!-- Default test -->
