<?xml version="1.0" encoding="UTF-8"?>
<!-- Generated by org.testng.reporters.JUnitXMLReporter -->
<testsuite ignored="0" hostname="LAPTOP-0O8VOCIM" failures="0" tests="6" name="Test" time="21.317" errors="0" timestamp="2020-08-08T09:12:11 EDT">
  <testcase classname="SeleniumGrid.Grid.SeleniumGridGeko$SeleniumTrial" name="googleTitle" time="0.064"/>
  <testcase classname="SeleniumGrid.Grid.SeleniumTrial" name="googleTitle" time="0.025"/>
  <testcase classname="SeleniumGrid.Grid.SeleniumGridGeko$SeleniumTrial" name="searchInput" time="0.213"/>
  <testcase classname="SeleniumGrid.Grid.SeleniumTrial" name="searchInput" time="0.095"/>
  <testcase classname="SeleniumGrid.Grid.SeleniumGridGeko$SeleniumTrial" name="searchOutput" time="0.128"/>
  <testcase classname="SeleniumGrid.Grid.SeleniumTrial" name="searchOutput" time="0.074"/>
</testsuite> <!-- Test -->
